<?xml version="1.0" encoding="UTF-8"?>
<testsuite xmlns:xsi="http://www.w3.org/2001/XMLSchema-instance" xsi:noNamespaceSchemaLocation="https://maven.apache.org/surefire/maven-surefire-plugin/xsd/surefire-test-report-3.0.xsd" version="3.0" name="gui.AppTest" time="1.364" tests="5" errors="0" skipped="0" failures="0">
  <properties>
    <property name="java.specification.version" value="19"/>
    <property name="sun.jnu.encoding" value="UTF-8"/>
    <property name="java.class.path" value="/Users/caoma/Documents/Programming/GIT/ES-2023-2Sem-Sexta-Feira-LIGE-GrupoA/target/test-classes:/Users/caoma/Documents/Programming/GIT/ES-2023-2Sem-Sexta-Feira-LIGE-GrupoA/target/classes:/Users/caoma/.m2/repository/junit/junit/4.13.2/junit-4.13.2.jar:/Users/caoma/.m2/repository/org/hamcrest/hamcrest-core/1.3/hamcrest-core-1.3.jar:/Users/caoma/.m2/repository/org/mockito/mockito-core/3.12.4/mockito-core-3.12.4.jar:/Users/caoma/.m2/repository/net/bytebuddy/byte-buddy/1.11.13/byte-buddy-1.11.13.jar:/Users/caoma/.m2/repository/net/bytebuddy/byte-buddy-agent/1.11.13/byte-buddy-agent-1.11.13.jar:/Users/caoma/.m2/repository/org/objenesis/objenesis/3.2/objenesis-3.2.jar:/Users/caoma/.m2/repository/commons-io/commons-io/2.11.0/commons-io-2.11.0.jar:/Users/caoma/.m2/repository/org/apache/httpcomponents/httpclient/4.5.13/httpclient-4.5.13.jar:/Users/caoma/.m2/repository/org/apache/httpcomponents/httpcore/4.4.13/httpcore-4.4.13.jar:/Users/caoma/.m2/repository/commons-logging/commons-logging/1.2/commons-logging-1.2.jar:/Users/caoma/.m2/repository/commons-codec/commons-codec/1.11/commons-codec-1.11.jar:/Users/caoma/.m2/repository/org/apache/logging/log4j/log4j-api/2.20.0/log4j-api-2.20.0.jar:/Users/caoma/.m2/repository/org/apache/logging/log4j/log4j-core/2.20.0/log4j-core-2.20.0.jar:/Users/caoma/.m2/repository/org/apache/logging/log4j/log4j-slf4j-impl/2.20.0/log4j-slf4j-impl-2.20.0.jar:/Users/caoma/.m2/repository/org/slf4j/slf4j-api/1.7.25/slf4j-api-1.7.25.jar:"/>
    <property name="java.vm.vendor" value="Homebrew"/>
    <property name="sun.arch.data.model" value="64"/>
    <property name="java.vendor.url" value="https://github.com/Homebrew/homebrew-core/issues"/>
    <property name="os.name" value="Mac OS X"/>
    <property name="java.vm.specification.version" value="19"/>
    <property name="sun.java.launcher" value="SUN_STANDARD"/>
    <property name="user.country" value="PT"/>
    <property name="sun.boot.library.path" value="/opt/homebrew/Cellar/openjdk/19.0.2/libexec/openjdk.jdk/Contents/Home/lib"/>
    <property name="sun.java.command" value="/Users/caoma/Documents/Programming/GIT/ES-2023-2Sem-Sexta-Feira-LIGE-GrupoA/target/surefire/surefirebooter-20230414212022221_3.jar /Users/caoma/Documents/Programming/GIT/ES-2023-2Sem-Sexta-Feira-LIGE-GrupoA/target/surefire 2023-04-14T21-20-22_175-jvmRun1 surefire-20230414212022221_1tmp surefire_0-20230414212022221_2tmp"/>
    <property name="http.nonProxyHosts" value="local|*.local|169.254/16|*.169.254/16"/>
    <property name="jdk.debug" value="release"/>
    <property name="surefire.test.class.path" value="/Users/caoma/Documents/Programming/GIT/ES-2023-2Sem-Sexta-Feira-LIGE-GrupoA/target/test-classes:/Users/caoma/Documents/Programming/GIT/ES-2023-2Sem-Sexta-Feira-LIGE-GrupoA/target/classes:/Users/caoma/.m2/repository/junit/junit/4.13.2/junit-4.13.2.jar:/Users/caoma/.m2/repository/org/hamcrest/hamcrest-core/1.3/hamcrest-core-1.3.jar:/Users/caoma/.m2/repository/org/mockito/mockito-core/3.12.4/mockito-core-3.12.4.jar:/Users/caoma/.m2/repository/net/bytebuddy/byte-buddy/1.11.13/byte-buddy-1.11.13.jar:/Users/caoma/.m2/repository/net/bytebuddy/byte-buddy-agent/1.11.13/byte-buddy-agent-1.11.13.jar:/Users/caoma/.m2/repository/org/objenesis/objenesis/3.2/objenesis-3.2.jar:/Users/caoma/.m2/repository/commons-io/commons-io/2.11.0/commons-io-2.11.0.jar:/Users/caoma/.m2/repository/org/apache/httpcomponents/httpclient/4.5.13/httpclient-4.5.13.jar:/Users/caoma/.m2/repository/org/apache/httpcomponents/httpcore/4.4.13/httpcore-4.4.13.jar:/Users/caoma/.m2/repository/commons-logging/commons-logging/1.2/commons-logging-1.2.jar:/Users/caoma/.m2/repository/commons-codec/commons-codec/1.11/commons-codec-1.11.jar:/Users/caoma/.m2/repository/org/apache/logging/log4j/log4j-api/2.20.0/log4j-api-2.20.0.jar:/Users/caoma/.m2/repository/org/apache/logging/log4j/log4j-core/2.20.0/log4j-core-2.20.0.jar:/Users/caoma/.m2/repository/org/apache/logging/log4j/log4j-slf4j-impl/2.20.0/log4j-slf4j-impl-2.20.0.jar:/Users/caoma/.m2/repository/org/slf4j/slf4j-api/1.7.25/slf4j-api-1.7.25.jar:"/>
    <property name="sun.cpu.endian" value="little"/>
    <property name="user.home" value="/Users/caoma"/>
    <property name="user.language" value="en"/>
    <property name="java.specification.vendor" value="Oracle Corporation"/>
    <property name="java.version.date" value="2023-01-17"/>
    <property name="java.home" value="/opt/homebrew/Cellar/openjdk/19.0.2/libexec/openjdk.jdk/Contents/Home"/>
    <property name="file.separator" value="/"/>
    <property name="basedir" value="/Users/caoma/Documents/Programming/GIT/ES-2023-2Sem-Sexta-Feira-LIGE-GrupoA"/>
    <property name="java.vm.compressedOopsMode" value="Zero based"/>
    <property name="line.separator" value="&#10;"/>
    <property name="java.vm.specification.vendor" value="Oracle Corporation"/>
    <property name="java.specification.name" value="Java Platform API Specification"/>
    <property name="apple.awt.application.name" value="ForkedBooter"/>
    <property name="surefire.real.class.path" value="/Users/caoma/Documents/Programming/GIT/ES-2023-2Sem-Sexta-Feira-LIGE-GrupoA/target/surefire/surefirebooter-20230414212022221_3.jar"/>
    <property name="sun.management.compiler" value="HotSpot 64-Bit Tiered Compilers"/>
    <property name="ftp.nonProxyHosts" value="local|*.local|169.254/16|*.169.254/16"/>
    <property name="java.runtime.version" value="19.0.2"/>
    <property name="user.name" value="caoma"/>
    <property name="stdout.encoding" value="UTF-8"/>
    <property name="path.separator" value=":"/>
    <property name="os.version" value="13.3.1"/>
    <property name="java.runtime.name" value="OpenJDK Runtime Environment"/>
    <property name="file.encoding" value="UTF-8"/>
    <property name="java.vm.name" value="OpenJDK 64-Bit Server VM"/>
    <property name="java.vendor.version" value="Homebrew"/>
    <property name="localRepository" value="/Users/caoma/.m2/repository"/>
    <property name="java.vendor.url.bug" value="https://github.com/Homebrew/homebrew-core/issues"/>
    <property name="java.io.tmpdir" value="/var/folders/9n/6m45fxg142j6jt4fdyf75vdm0000gn/T/"/>
    <property name="java.version" value="19.0.2"/>
    <property name="user.dir" value="/Users/caoma/Documents/Programming/GIT/ES-2023-2Sem-Sexta-Feira-LIGE-GrupoA"/>
    <property name="os.arch" value="aarch64"/>
    <property name="java.vm.specification.name" value="Java Virtual Machine Specification"/>
    <property name="native.encoding" value="UTF-8"/>
    <property name="java.library.path" value="/Users/caoma/Library/Java/Extensions:/Library/Java/Extensions:/Network/Library/Java/Extensions:/System/Library/Java/Extensions:/usr/lib/java:."/>
    <property name="java.vm.info" value="mixed mode, sharing"/>
    <property name="stderr.encoding" value="UTF-8"/>
    <property name="java.vendor" value="Homebrew"/>
    <property name="java.vm.version" value="19.0.2"/>
    <property name="sun.io.unicode.encoding" value="UnicodeBig"/>
    <property name="socksNonProxyHosts" value="local|*.local|169.254/16|*.169.254/16"/>
    <property name="java.class.version" value="63.0"/>
  </properties>
  <testcase name="testGetFrame" classname="gui.AppTest" time="1.193">
    <system-out><![CDATA[21:20:22.642 [main] INFO  gui.App - Inicializando a GUI...
class controllers.MainMenuController
21:20:23.381 [main] INFO  gui.App - GUI inicializada com sucesso!
]]></system-out>
  </testcase>
  <testcase name="testMain" classname="gui.AppTest" time="0.068">
    <system-out><![CDATA[21:20:23.556 [main] INFO  gui.App - Inicializando a GUI...
class controllers.MainMenuController
21:20:23.580 [main] INFO  gui.App - GUI inicializada com sucesso!
21:20:23.581 [main] INFO  gui.App - Inicializando a GUI...
class controllers.MainMenuController
21:20:23.623 [main] INFO  gui.App - GUI inicializada com sucesso!
]]></system-out>
  </testcase>
  <testcase name="testSetSchedule" classname="gui.AppTest" time="0.027">
    <system-out><![CDATA[21:20:23.624 [main] INFO  gui.App - Inicializando a GUI...
class controllers.MainMenuController
21:20:23.649 [main] INFO  gui.App - GUI inicializada com sucesso!
]]></system-out>
  </testcase>
  <testcase name="testGetSchedule" classname="gui.AppTest" time="0.026">
    <system-out><![CDATA[21:20:23.650 [main] INFO  gui.App - Inicializando a GUI...
class controllers.MainMenuController
21:20:23.676 [main] INFO  gui.App - GUI inicializada com sucesso!
]]></system-out>
  </testcase>
  <testcase name="testGetMainPanel" classname="gui.AppTest" time="0.025">
    <system-out><![CDATA[21:20:23.677 [main] INFO  gui.App - Inicializando a GUI...
class controllers.MainMenuController
21:20:23.702 [main] INFO  gui.App - GUI inicializada com sucesso!
]]></system-out>
  </testcase>
</testsuite>